Starting CUDA test!
  Activating project at `~/OceananigansOnPoseidon`
   Resolving package versions...
  No Changes to `~/OceananigansOnPoseidon/Project.toml`
  No Changes to `~/OceananigansOnPoseidon/Manifest.toml`
┌ Warning: The NVIDIA driver on this system only supports up to CUDA 11.2.0.
│ For performance reasons, it is recommended to upgrade to a driver that supports CUDA 11.3 or higher.
└ @ CUDA ~/.julia/packages/CUDA/Tl08O/src/initialization.jl:76
┌ Warning: CUDA runtime library `libcublasLt.so.11` was loaded from a system path, `/cm/shared/apps/cuda11.2/toolkit/11.2.2/targets/x86_64-linux/lib/libcublasLt.so.11`.
│ 
│ This may cause errors. Ensure that you have not set the LD_LIBRARY_PATH
│ environment variable, or that it does not contain paths to CUDA libraries.
│ 
│ In any other case, please file an issue.
└ @ CUDA ~/.julia/packages/CUDA/Tl08O/src/initialization.jl:219
┌ Warning: CUDA runtime library `libnvrtc.so` was loaded from a system path, `/cm/shared/apps/cuda11.2/toolkit/11.2.2/targets/x86_64-linux/lib/libnvrtc.so`.
│ 
│ This may cause errors. Ensure that you have not set the LD_LIBRARY_PATH
│ environment variable, or that it does not contain paths to CUDA libraries.
│ 
│ In any other case, please file an issue.
└ @ CUDA ~/.julia/packages/CUDA/Tl08O/src/initialization.jl:219
CUDA runtime 11.8, artifact installation
CUDA driver 11.2
NVIDIA driver 460.32.3

CUDA libraries: 
- CUBLAS: 11.4.1
- CURAND: 10.3.0
- CUFFT: 10.9.0
- CUSOLVER: 11.4.1
- CUSPARSE: 11.7.5
- CUPTI: 2022.3.0 (API 18.0.0)
- NVML: 11.0.0+460.32.3

Julia packages: 
- CUDA: 5.4.3
- CUDA_Driver_jll: 0.9.1+1
- CUDA_Runtime_jll: 0.14.1+0

Toolchain:
- Julia: 1.9.4
- LLVM: 14.0.6

1 device:
  0: Tesla V100-SXM2-16GB (sm_70, 12.702 GiB / 15.782 GiB available)
Successful CUDA Test
Starting Oceananigans test!
  Activating project at `~/OceananigansOnPoseidon`
   Resolving package versions...
  No Changes to `~/OceananigansOnPoseidon/Project.toml`
  No Changes to `~/OceananigansOnPoseidon/Manifest.toml`
┌ Warning: The NVIDIA driver on this system only supports up to CUDA 11.2.0.
│ For performance reasons, it is recommended to upgrade to a driver that supports CUDA 11.3 or higher.
└ @ CUDA ~/.julia/packages/CUDA/Tl08O/src/initialization.jl:76
┌ Warning: CUDA runtime library `libcublasLt.so.11` was loaded from a system path, `/cm/shared/apps/cuda11.2/toolkit/11.2.2/targets/x86_64-linux/lib/libcublasLt.so.11`.
│ 
│ This may cause errors. Ensure that you have not set the LD_LIBRARY_PATH
│ environment variable, or that it does not contain paths to CUDA libraries.
│ 
│ In any other case, please file an issue.
└ @ CUDA ~/.julia/packages/CUDA/Tl08O/src/initialization.jl:219
┌ Warning: CUDA runtime library `libnvrtc.so` was loaded from a system path, `/cm/shared/apps/cuda11.2/toolkit/11.2.2/targets/x86_64-linux/lib/libnvrtc.so`.
│ 
│ This may cause errors. Ensure that you have not set the LD_LIBRARY_PATH
│ environment variable, or that it does not contain paths to CUDA libraries.
│ 
│ In any other case, please file an issue.
└ @ CUDA ~/.julia/packages/CUDA/Tl08O/src/initialization.jl:219
[ Info: Initializing simulation...
[ Info:     ... simulation initialization complete (2.441 seconds)
[ Info: Executing initial time step...
[ Info:     ... initial time step complete (3.124 seconds).
[ Info: Simulation is stopping after running for 6.136 seconds.
[ Info: Simulation time 4 seconds equals or exceeds stop time 4 seconds.
Successful Oceananigans Test
